  battle.cpp
C:\Users\brand\source\repos\TextBasedGame\TextBasedGame\battle.cpp(71,22): warning C4244: '*=': conversion from 'double' to 'int', possible loss of data
C:\Users\brand\source\repos\TextBasedGame\TextBasedGame\battle.cpp(76,22): warning C4244: '*=': conversion from 'double' to 'int', possible loss of data
C:\Users\brand\source\repos\TextBasedGame\TextBasedGame\battle.cpp(81,23): warning C4244: '*=': conversion from 'double' to 'int', possible loss of data
C:\Users\brand\source\repos\TextBasedGame\TextBasedGame\battle.cpp(138,24): warning C4244: '*=': conversion from 'double' to 'int', possible loss of data
C:\Users\brand\source\repos\TextBasedGame\TextBasedGame\battle.cpp(142,24): warning C4244: '*=': conversion from 'double' to 'int', possible loss of data
C:\Users\brand\source\repos\TextBasedGame\TextBasedGame\battle.cpp(146,25): warning C4244: '*=': conversion from 'double' to 'int', possible loss of data
C:\Users\brand\source\repos\TextBasedGame\TextBasedGame\battle.cpp(147,29): warning C4244: '*=': conversion from 'double' to 'int', possible loss of data
C:\Users\brand\source\repos\TextBasedGame\TextBasedGame\battle.cpp(151,25): warning C4244: '*=': conversion from 'double' to 'int', possible loss of data
C:\Users\brand\source\repos\TextBasedGame\TextBasedGame\battle.cpp(156,24): warning C4244: '*=': conversion from 'double' to 'int', possible loss of data
C:\Users\brand\source\repos\TextBasedGame\TextBasedGame\battle.cpp(161,25): warning C4244: '*=': conversion from 'double' to 'int', possible loss of data
C:\Users\brand\source\repos\TextBasedGame\TextBasedGame\battle.cpp(163,24): warning C4244: '*=': conversion from 'double' to 'int', possible loss of data
C:\Users\brand\source\repos\TextBasedGame\TextBasedGame\battle.cpp(167,29): warning C4244: '*=': conversion from 'double' to 'int', possible loss of data
C:\Users\brand\source\repos\TextBasedGame\TextBasedGame\battle.cpp(171,29): warning C4244: '*=': conversion from 'double' to 'int', possible loss of data
C:\Users\brand\source\repos\TextBasedGame\TextBasedGame\battle.cpp(175,29): warning C4244: '*=': conversion from 'double' to 'int', possible loss of data
C:\Users\brand\source\repos\TextBasedGame\TextBasedGame\battle.cpp(176,25): warning C4244: '*=': conversion from 'double' to 'int', possible loss of data
C:\Users\brand\source\repos\TextBasedGame\TextBasedGame\battle.cpp(182,23): warning C4244: '*=': conversion from 'double' to 'int', possible loss of data
C:\Users\brand\source\repos\TextBasedGame\TextBasedGame\battle.cpp(183,22): warning C4552: '*': result of expression not used
C:\Users\brand\source\repos\TextBasedGame\TextBasedGame\battle.cpp(303,32): warning C4244: '*=': conversion from 'double' to 'int', possible loss of data
C:\Users\brand\source\repos\TextBasedGame\TextBasedGame\battle.cpp(304,25): warning C4244: '*=': conversion from 'double' to 'int', possible loss of data
C:\Users\brand\source\repos\TextBasedGame\TextBasedGame\battle.cpp(471,32): warning C4244: '*=': conversion from 'double' to 'int', possible loss of data
C:\Users\brand\source\repos\TextBasedGame\TextBasedGame\battle.cpp(472,25): warning C4244: '*=': conversion from 'double' to 'int', possible loss of data
C:\Users\brand\source\repos\TextBasedGame\TextBasedGame\battle.cpp(655,18): warning C4244: '*=': conversion from 'double' to 'int', possible loss of data
  commands.cpp
  game.cpp
C:\Users\brand\source\repos\TextBasedGame\TextBasedGame\game.cpp(50,12): warning C4244: 'argument': conversion from 'time_t' to 'unsigned int', possible loss of data
  locations.cpp
C:\Users\brand\source\repos\TextBasedGame\TextBasedGame\locations.cpp(360,3): warning C4060: switch statement contains no 'case' or 'default' labels
  npc.cpp
  Generating Code...
  TextBasedGame.vcxproj -> C:\Users\brand\source\repos\TextBasedGame\Debug\TextBasedGame.exe
